<?xml version="1.0" encoding="utf-8"?><testsuites name="pytest tests"><testsuite name="pytest" errors="0" failures="0" skipped="0" tests="15" time="6.812" timestamp="2026-04-25T20:33:23.262197+00:00" hostname="agent-env-380cf012-5b7a-43a7-b473-5492958ec9d0"><testcase classname="backend.tests.test_signbridge.TestHealth" name="test_root" time="0.197" /><testcase classname="backend.tests.test_signbridge.TestPhrases" name="test_list_phrases" time="0.051" /><testcase classname="backend.tests.test_signbridge.TestConversations" name="test_create_conversation" time="0.050" /><testcase classname="backend.tests.test_signbridge.TestConversations" name="test_list_conversations" time="0.099" /><testcase classname="backend.tests.test_signbridge.TestConversations" name="test_get_conversation_with_messages" time="0.051" /><testcase classname="backend.tests.test_signbridge.TestConversations" name="test_get_conversation_404" time="0.048" /><testcase classname="backend.tests.test_signbridge.TestConversations" name="test_add_message_increments_count" time="0.174" /><testcase classname="backend.tests.test_signbridge.TestTranslate" name="test_voice_to_sign" time="1.784" /><testcase classname="backend.tests.test_signbridge.TestTranslate" name="test_voice_to_sign_empty" time="0.049" /><testcase classname="backend.tests.test_signbridge.TestTranslate" name="test_sign_to_voice" time="3.725" /><testcase classname="backend.tests.test_signbridge.TestTranslate" name="test_sign_to_voice_empty" time="0.049" /><testcase classname="backend.tests.test_signbridge.TestTTS" name="test_tts_proxy_reachable" time="0.192" /><testcase classname="backend.tests.test_signbridge.TestSignsAndFeedback" name="test_signs_detect" time="0.049" /><testcase classname="backend.tests.test_signbridge.TestSignsAndFeedback" name="test_feedback" time="0.085" /><testcase classname="backend.tests.test_signbridge.TestAnalytics" name="test_snowflake" time="0.053" /></testsuite></testsuites>